-------------------------------------------------------------------------------
Test set: aura.automation.tests.ui.UiScenarioTest
-------------------------------------------------------------------------------
Tests run: 1, Failures: 0, Errors: 1, Skipped: 0, Time elapsed: 1.194 s <<< FAILURE! -- in aura.automation.tests.ui.UiScenarioTest
aura.automation.tests.ui.UiScenarioTest -- Time elapsed: 1.194 s <<< ERROR!
java.lang.IllegalStateException: No session cookie 'adminjs' in login response
	at aura.automation.tests.BaseTest.globalSetup(BaseTest.kt:43)
	at java.base/java.lang.reflect.Method.invoke(Method.java:565)
	at java.base/java.util.ArrayList.forEach(ArrayList.java:1604)

